2017-03-29 20:52:17 - MOD: Modification Default

FILE: system/engine/action.php
REGEX: ~(require|include)(_once)?\(([^)]+)~
LINE: 41

FILE: system/engine/loader.php
REGEX: ~(require|include)(_once)?\(([^)]+)~
LINE: 49
LINE: 108
LINE: 120
LINE: 165

FILE: system/library/config.php
REGEX: ~(require|include)(_once)?\(([^)]+)~
LINE: 23

FILE: system/library/language.php
REGEX: ~(require|include)(_once)?\(([^)]+)~
LINE: 38
LINE: 40
LINE: 49
LINE: 51
LINE: 60
LINE: 62

FILE: system/library/template/php.php
REGEX: ~(require|include)(_once)?\(([^)]+)~
LINE: 18

FILE: system/library/template/tiwg.php
REGEX: ~(require|include)(_once)?\(([^)]+)~
LINE: 24
----------------------------------------------------------------
MOD: OcStore 2.3.x track number

FILE: admin/controller/sale/order.php
CODE: $data['shipping_method'] = $order_info['shipping_method'];
LINE: 567
LINE: 942
CODE: public function history() {
LINE: 1545

FILE: admin/model/sale/order.php
CODE: $order_query->row['order_id'],
LINE: 96

FILE: catalog/model/checkout/order.php
CODE: $order_query->row['order_id'],
LINE: 170

FILE: admin/view/template/sale/order_info.tpl
CODE: <td><?php echo $text_reward; ?></td>
LINE: 100
CODE: <?php echo $footer; ?>
LINE: 700

FILE: catalog/model/account/order.php
CODE: $order_query->row['order_id'],
LINE: 46

FILE: catalog/controller/account/order.php
CODE: if ($order_info['invoice_no']) {
LINE: 210

FILE: catalog/view/theme/default/template/account/order_info.tpl
CODE: <b><?php echo $text_shipping_method; ?></b> <?php echo $shipping_method; ?>
LINE: 49
----------------------------------------------------------------
MOD: Добавление покупки в один клик

FILE: catalog/view\theme\default\template\product\product.tpl
CODE: <button type="button" id="button-cart" data-loading-text="<?php echo $text_loading; ?>" class="btn btn-primary btn-lg btn-block"><?php echo $button_cart; ?></button>
LINE: 298
CODE: $('#button-cart').on('click', function() {
LINE: 428

FILE: catalog/controller\product\product.php
CODE: public function index() {
LINE: 29
----------------------------------------------------------------
2017-03-29 20:52:21 - MOD: Modification Default

FILE: system/engine/action.php
REGEX: ~(require|include)(_once)?\(([^)]+)~
LINE: 41

FILE: system/engine/loader.php
REGEX: ~(require|include)(_once)?\(([^)]+)~
LINE: 49
LINE: 108
LINE: 120
LINE: 165

FILE: system/library/config.php
REGEX: ~(require|include)(_once)?\(([^)]+)~
LINE: 23

FILE: system/library/language.php
REGEX: ~(require|include)(_once)?\(([^)]+)~
LINE: 38
LINE: 40
LINE: 49
LINE: 51
LINE: 60
LINE: 62

FILE: system/library/template/php.php
REGEX: ~(require|include)(_once)?\(([^)]+)~
LINE: 18

FILE: system/library/template/tiwg.php
REGEX: ~(require|include)(_once)?\(([^)]+)~
LINE: 24
----------------------------------------------------------------
MOD: OcStore 2.3.x track number

FILE: admin/controller/sale/order.php
CODE: $data['shipping_method'] = $order_info['shipping_method'];
LINE: 567
LINE: 942
CODE: public function history() {
LINE: 1545

FILE: admin/model/sale/order.php
CODE: $order_query->row['order_id'],
LINE: 96

FILE: catalog/model/checkout/order.php
CODE: $order_query->row['order_id'],
LINE: 170

FILE: admin/view/template/sale/order_info.tpl
CODE: <td><?php echo $text_reward; ?></td>
LINE: 100
CODE: <?php echo $footer; ?>
LINE: 700

FILE: catalog/model/account/order.php
CODE: $order_query->row['order_id'],
LINE: 46

FILE: catalog/controller/account/order.php
CODE: if ($order_info['invoice_no']) {
LINE: 210

FILE: catalog/view/theme/default/template/account/order_info.tpl
CODE: <b><?php echo $text_shipping_method; ?></b> <?php echo $shipping_method; ?>
LINE: 49
----------------------------------------------------------------
MOD: Добавление покупки в один клик

FILE: catalog/view\theme\default\template\product\product.tpl
CODE: <button type="button" id="button-cart" data-loading-text="<?php echo $text_loading; ?>" class="btn btn-primary btn-lg btn-block"><?php echo $button_cart; ?></button>
LINE: 298
CODE: $('#button-cart').on('click', function() {
LINE: 428

FILE: catalog/controller\product\product.php
CODE: public function index() {
LINE: 29
----------------------------------------------------------------
2017-03-29 20:57:38 - MOD: Modification Default

FILE: system/engine/action.php
REGEX: ~(require|include)(_once)?\(([^)]+)~
LINE: 41

FILE: system/engine/loader.php
REGEX: ~(require|include)(_once)?\(([^)]+)~
LINE: 49
LINE: 108
LINE: 120
LINE: 165

FILE: system/library/config.php
REGEX: ~(require|include)(_once)?\(([^)]+)~
LINE: 23

FILE: system/library/language.php
REGEX: ~(require|include)(_once)?\(([^)]+)~
LINE: 38
LINE: 40
LINE: 49
LINE: 51
LINE: 60
LINE: 62

FILE: system/library/template/php.php
REGEX: ~(require|include)(_once)?\(([^)]+)~
LINE: 18

FILE: system/library/template/tiwg.php
REGEX: ~(require|include)(_once)?\(([^)]+)~
LINE: 24
----------------------------------------------------------------
MOD: OcStore 2.3.x track number

FILE: admin/controller/sale/order.php
CODE: $data['shipping_method'] = $order_info['shipping_method'];
LINE: 567
LINE: 942
CODE: public function history() {
LINE: 1545

FILE: admin/model/sale/order.php
CODE: $order_query->row['order_id'],
LINE: 96

FILE: catalog/model/checkout/order.php
CODE: $order_query->row['order_id'],
LINE: 170

FILE: admin/view/template/sale/order_info.tpl
CODE: <td><?php echo $text_reward; ?></td>
LINE: 100
CODE: <?php echo $footer; ?>
LINE: 700

FILE: catalog/model/account/order.php
CODE: $order_query->row['order_id'],
LINE: 46

FILE: catalog/controller/account/order.php
CODE: if ($order_info['invoice_no']) {
LINE: 210

FILE: catalog/view/theme/default/template/account/order_info.tpl
CODE: <b><?php echo $text_shipping_method; ?></b> <?php echo $shipping_method; ?>
LINE: 49
----------------------------------------------------------------
2017-03-29 20:57:50 - MOD: Modification Default

FILE: system/engine/action.php
REGEX: ~(require|include)(_once)?\(([^)]+)~
LINE: 41

FILE: system/engine/loader.php
REGEX: ~(require|include)(_once)?\(([^)]+)~
LINE: 49
LINE: 108
LINE: 120
LINE: 165

FILE: system/library/config.php
REGEX: ~(require|include)(_once)?\(([^)]+)~
LINE: 23

FILE: system/library/language.php
REGEX: ~(require|include)(_once)?\(([^)]+)~
LINE: 38
LINE: 40
LINE: 49
LINE: 51
LINE: 60
LINE: 62

FILE: system/library/template/php.php
REGEX: ~(require|include)(_once)?\(([^)]+)~
LINE: 18

FILE: system/library/template/tiwg.php
REGEX: ~(require|include)(_once)?\(([^)]+)~
LINE: 24
----------------------------------------------------------------
MOD: OcStore 2.3.x track number

FILE: admin/controller/sale/order.php
CODE: $data['shipping_method'] = $order_info['shipping_method'];
LINE: 567
LINE: 942
CODE: public function history() {
LINE: 1545

FILE: admin/model/sale/order.php
CODE: $order_query->row['order_id'],
LINE: 96

FILE: catalog/model/checkout/order.php
CODE: $order_query->row['order_id'],
LINE: 170

FILE: admin/view/template/sale/order_info.tpl
CODE: <td><?php echo $text_reward; ?></td>
LINE: 100
CODE: <?php echo $footer; ?>
LINE: 700

FILE: catalog/model/account/order.php
CODE: $order_query->row['order_id'],
LINE: 46

FILE: catalog/controller/account/order.php
CODE: if ($order_info['invoice_no']) {
LINE: 210

FILE: catalog/view/theme/default/template/account/order_info.tpl
CODE: <b><?php echo $text_shipping_method; ?></b> <?php echo $shipping_method; ?>
LINE: 49
----------------------------------------------------------------
MOD: Добавление покупки в один клик

FILE: catalog/view\theme\default\template\product\product.tpl
CODE: <button type="button" id="button-cart" data-loading-text="<?php echo $text_loading; ?>" class="btn btn-primary btn-lg btn-block"><?php echo $button_cart; ?></button>
LINE: 298
CODE: $('#button-cart').on('click', function() {
LINE: 428

FILE: catalog/controller\product\product.php
CODE: public function index() {
LINE: 29
----------------------------------------------------------------
2017-03-29 21:00:35 - MOD: Modification Default

FILE: system/engine/action.php
REGEX: ~(require|include)(_once)?\(([^)]+)~
LINE: 41

FILE: system/engine/loader.php
REGEX: ~(require|include)(_once)?\(([^)]+)~
LINE: 49
LINE: 108
LINE: 120
LINE: 165

FILE: system/library/config.php
REGEX: ~(require|include)(_once)?\(([^)]+)~
LINE: 23

FILE: system/library/language.php
REGEX: ~(require|include)(_once)?\(([^)]+)~
LINE: 38
LINE: 40
LINE: 49
LINE: 51
LINE: 60
LINE: 62

FILE: system/library/template/php.php
REGEX: ~(require|include)(_once)?\(([^)]+)~
LINE: 18

FILE: system/library/template/tiwg.php
REGEX: ~(require|include)(_once)?\(([^)]+)~
LINE: 24
----------------------------------------------------------------
MOD: OcStore 2.3.x track number

FILE: admin/controller/sale/order.php
CODE: $data['shipping_method'] = $order_info['shipping_method'];
LINE: 567
LINE: 942
CODE: public function history() {
LINE: 1545

FILE: admin/model/sale/order.php
CODE: $order_query->row['order_id'],
LINE: 96

FILE: catalog/model/checkout/order.php
CODE: $order_query->row['order_id'],
LINE: 170

FILE: admin/view/template/sale/order_info.tpl
CODE: <td><?php echo $text_reward; ?></td>
LINE: 100
CODE: <?php echo $footer; ?>
LINE: 700

FILE: catalog/model/account/order.php
CODE: $order_query->row['order_id'],
LINE: 46

FILE: catalog/controller/account/order.php
CODE: if ($order_info['invoice_no']) {
LINE: 210

FILE: catalog/view/theme/default/template/account/order_info.tpl
CODE: <b><?php echo $text_shipping_method; ?></b> <?php echo $shipping_method; ?>
LINE: 49
----------------------------------------------------------------
MOD: Добавление покупки в один клик

FILE: catalog/view\theme\default\template\product\product.tpl
CODE: <button type="button" id="button-cart" data-loading-text="<?php echo $text_loading; ?>" class="btn btn-primary btn-lg btn-block"><?php echo $button_cart; ?></button>
LINE: 296
CODE: $('#button-cart').on('click', function() {
LINE: 424

FILE: catalog/controller\product\product.php
CODE: public function index() {
LINE: 27
----------------------------------------------------------------
2017-03-29 21:01:35 - MOD: Modification Default

FILE: system/engine/action.php
REGEX: ~(require|include)(_once)?\(([^)]+)~
LINE: 41

FILE: system/engine/loader.php
REGEX: ~(require|include)(_once)?\(([^)]+)~
LINE: 49
LINE: 108
LINE: 120
LINE: 165

FILE: system/library/config.php
REGEX: ~(require|include)(_once)?\(([^)]+)~
LINE: 23

FILE: system/library/language.php
REGEX: ~(require|include)(_once)?\(([^)]+)~
LINE: 38
LINE: 40
LINE: 49
LINE: 51
LINE: 60
LINE: 62

FILE: system/library/template/php.php
REGEX: ~(require|include)(_once)?\(([^)]+)~
LINE: 18

FILE: system/library/template/tiwg.php
REGEX: ~(require|include)(_once)?\(([^)]+)~
LINE: 24
----------------------------------------------------------------
MOD: OcStore 2.3.x track number

FILE: admin/controller/sale/order.php
CODE: $data['shipping_method'] = $order_info['shipping_method'];
LINE: 567
LINE: 942
CODE: public function history() {
LINE: 1545

FILE: admin/model/sale/order.php
CODE: $order_query->row['order_id'],
LINE: 96

FILE: catalog/model/checkout/order.php
CODE: $order_query->row['order_id'],
LINE: 170

FILE: admin/view/template/sale/order_info.tpl
CODE: <td><?php echo $text_reward; ?></td>
LINE: 100
CODE: <?php echo $footer; ?>
LINE: 700

FILE: catalog/model/account/order.php
CODE: $order_query->row['order_id'],
LINE: 46

FILE: catalog/controller/account/order.php
CODE: if ($order_info['invoice_no']) {
LINE: 210

FILE: catalog/view/theme/default/template/account/order_info.tpl
CODE: <b><?php echo $text_shipping_method; ?></b> <?php echo $shipping_method; ?>
LINE: 49
----------------------------------------------------------------
2017-03-29 21:01:50 - MOD: Modification Default

FILE: system/engine/action.php
REGEX: ~(require|include)(_once)?\(([^)]+)~
LINE: 41

FILE: system/engine/loader.php
REGEX: ~(require|include)(_once)?\(([^)]+)~
LINE: 49
LINE: 108
LINE: 120
LINE: 165

FILE: system/library/config.php
REGEX: ~(require|include)(_once)?\(([^)]+)~
LINE: 23

FILE: system/library/language.php
REGEX: ~(require|include)(_once)?\(([^)]+)~
LINE: 38
LINE: 40
LINE: 49
LINE: 51
LINE: 60
LINE: 62

FILE: system/library/template/php.php
REGEX: ~(require|include)(_once)?\(([^)]+)~
LINE: 18

FILE: system/library/template/tiwg.php
REGEX: ~(require|include)(_once)?\(([^)]+)~
LINE: 24
----------------------------------------------------------------
MOD: OcStore 2.3.x track number

FILE: admin/controller/sale/order.php
CODE: $data['shipping_method'] = $order_info['shipping_method'];
LINE: 567
LINE: 942
CODE: public function history() {
LINE: 1545

FILE: admin/model/sale/order.php
CODE: $order_query->row['order_id'],
LINE: 96

FILE: catalog/model/checkout/order.php
CODE: $order_query->row['order_id'],
LINE: 170

FILE: admin/view/template/sale/order_info.tpl
CODE: <td><?php echo $text_reward; ?></td>
LINE: 100
CODE: <?php echo $footer; ?>
LINE: 700

FILE: catalog/model/account/order.php
CODE: $order_query->row['order_id'],
LINE: 46

FILE: catalog/controller/account/order.php
CODE: if ($order_info['invoice_no']) {
LINE: 210

FILE: catalog/view/theme/default/template/account/order_info.tpl
CODE: <b><?php echo $text_shipping_method; ?></b> <?php echo $shipping_method; ?>
LINE: 49
----------------------------------------------------------------
2017-03-29 21:02:02 - MOD: Modification Default

FILE: system/engine/action.php
REGEX: ~(require|include)(_once)?\(([^)]+)~
LINE: 41

FILE: system/engine/loader.php
REGEX: ~(require|include)(_once)?\(([^)]+)~
LINE: 49
LINE: 108
LINE: 120
LINE: 165

FILE: system/library/config.php
REGEX: ~(require|include)(_once)?\(([^)]+)~
LINE: 23

FILE: system/library/language.php
REGEX: ~(require|include)(_once)?\(([^)]+)~
LINE: 38
LINE: 40
LINE: 49
LINE: 51
LINE: 60
LINE: 62

FILE: system/library/template/php.php
REGEX: ~(require|include)(_once)?\(([^)]+)~
LINE: 18

FILE: system/library/template/tiwg.php
REGEX: ~(require|include)(_once)?\(([^)]+)~
LINE: 24
----------------------------------------------------------------
MOD: OcStore 2.3.x track number

FILE: admin/controller/sale/order.php
CODE: $data['shipping_method'] = $order_info['shipping_method'];
LINE: 567
LINE: 942
CODE: public function history() {
LINE: 1545

FILE: admin/model/sale/order.php
CODE: $order_query->row['order_id'],
LINE: 96

FILE: catalog/model/checkout/order.php
CODE: $order_query->row['order_id'],
LINE: 170

FILE: admin/view/template/sale/order_info.tpl
CODE: <td><?php echo $text_reward; ?></td>
LINE: 100
CODE: <?php echo $footer; ?>
LINE: 700

FILE: catalog/model/account/order.php
CODE: $order_query->row['order_id'],
LINE: 46

FILE: catalog/controller/account/order.php
CODE: if ($order_info['invoice_no']) {
LINE: 210

FILE: catalog/view/theme/default/template/account/order_info.tpl
CODE: <b><?php echo $text_shipping_method; ?></b> <?php echo $shipping_method; ?>
LINE: 49
----------------------------------------------------------------
MOD: Добавление покупки в один клик

FILE: catalog/view\theme\default\template\product\product.tpl
CODE: <button type="button" id="button-cart" data-loading-text="<?php echo $text_loading; ?>" class="btn btn-primary btn-lg btn-block"><?php echo $button_cart; ?></button>
LINE: 296
CODE: $('#button-cart').on('click', function() {
LINE: 424

FILE: catalog/controller\product\product.php
CODE: public function index() {
LINE: 27
----------------------------------------------------------------
2017-03-29 21:03:10 - MOD: Modification Default

FILE: system/engine/action.php
REGEX: ~(require|include)(_once)?\(([^)]+)~
LINE: 41

FILE: system/engine/loader.php
REGEX: ~(require|include)(_once)?\(([^)]+)~
LINE: 49
LINE: 108
LINE: 120
LINE: 165

FILE: system/library/config.php
REGEX: ~(require|include)(_once)?\(([^)]+)~
LINE: 23

FILE: system/library/language.php
REGEX: ~(require|include)(_once)?\(([^)]+)~
LINE: 38
LINE: 40
LINE: 49
LINE: 51
LINE: 60
LINE: 62

FILE: system/library/template/php.php
REGEX: ~(require|include)(_once)?\(([^)]+)~
LINE: 18

FILE: system/library/template/tiwg.php
REGEX: ~(require|include)(_once)?\(([^)]+)~
LINE: 24
----------------------------------------------------------------
MOD: OcStore 2.3.x track number

FILE: admin/controller/sale/order.php
CODE: $data['shipping_method'] = $order_info['shipping_method'];
LINE: 567
LINE: 942
CODE: public function history() {
LINE: 1545

FILE: admin/model/sale/order.php
CODE: $order_query->row['order_id'],
LINE: 96

FILE: catalog/model/checkout/order.php
CODE: $order_query->row['order_id'],
LINE: 170

FILE: admin/view/template/sale/order_info.tpl
CODE: <td><?php echo $text_reward; ?></td>
LINE: 100
CODE: <?php echo $footer; ?>
LINE: 700

FILE: catalog/model/account/order.php
CODE: $order_query->row['order_id'],
LINE: 46

FILE: catalog/controller/account/order.php
CODE: if ($order_info['invoice_no']) {
LINE: 210

FILE: catalog/view/theme/default/template/account/order_info.tpl
CODE: <b><?php echo $text_shipping_method; ?></b> <?php echo $shipping_method; ?>
LINE: 49
----------------------------------------------------------------
MOD: Добавление покупки в один клик

FILE: catalog/view\theme\default\template\product\product.tpl
CODE: <button type="button" id="button-cart" data-loading-text="<?php echo $text_loading; ?>" class="btn btn-primary btn-lg btn-block"><?php echo $button_cart; ?></button>
LINE: 296
CODE: $('#button-cart').on('click', function() {
LINE: 424

FILE: catalog/controller\product\product.php
CODE: public function index() {
LINE: 29
----------------------------------------------------------------
2017-04-01 22:21:24 - MOD: Modification Default

FILE: system/engine/action.php
REGEX: ~(require|include)(_once)?\(([^)]+)~
LINE: 41

FILE: system/engine/loader.php
REGEX: ~(require|include)(_once)?\(([^)]+)~
LINE: 49
LINE: 108
LINE: 120
LINE: 165

FILE: system/library/config.php
REGEX: ~(require|include)(_once)?\(([^)]+)~
LINE: 23

FILE: system/library/language.php
REGEX: ~(require|include)(_once)?\(([^)]+)~
LINE: 38
LINE: 40
LINE: 49
LINE: 51
LINE: 60
LINE: 62

FILE: system/library/template/php.php
REGEX: ~(require|include)(_once)?\(([^)]+)~
LINE: 18

FILE: system/library/template/tiwg.php
REGEX: ~(require|include)(_once)?\(([^)]+)~
LINE: 24
----------------------------------------------------------------
MOD: OcStore 2.3.x track number

FILE: admin/controller/sale/order.php
CODE: $data['shipping_method'] = $order_info['shipping_method'];
LINE: 567
LINE: 942
CODE: public function history() {
LINE: 1545

FILE: admin/model/sale/order.php
CODE: $order_query->row['order_id'],
LINE: 96

FILE: catalog/model/checkout/order.php
CODE: $order_query->row['order_id'],
LINE: 170

FILE: admin/view/template/sale/order_info.tpl
CODE: <td><?php echo $text_reward; ?></td>
LINE: 100
CODE: <?php echo $footer; ?>
LINE: 700

FILE: catalog/model/account/order.php
CODE: $order_query->row['order_id'],
LINE: 46

FILE: catalog/controller/account/order.php
CODE: if ($order_info['invoice_no']) {
LINE: 210

FILE: catalog/view/theme/default/template/account/order_info.tpl
CODE: <b><?php echo $text_shipping_method; ?></b> <?php echo $shipping_method; ?>
LINE: 49
----------------------------------------------------------------
2017-04-01 22:21:51 - MOD: Modification Default

FILE: system/engine/action.php
REGEX: ~(require|include)(_once)?\(([^)]+)~
LINE: 41

FILE: system/engine/loader.php
REGEX: ~(require|include)(_once)?\(([^)]+)~
LINE: 49
LINE: 108
LINE: 120
LINE: 165

FILE: system/library/config.php
REGEX: ~(require|include)(_once)?\(([^)]+)~
LINE: 23

FILE: system/library/language.php
REGEX: ~(require|include)(_once)?\(([^)]+)~
LINE: 38
LINE: 40
LINE: 49
LINE: 51
LINE: 60
LINE: 62

FILE: system/library/template/php.php
REGEX: ~(require|include)(_once)?\(([^)]+)~
LINE: 18

FILE: system/library/template/tiwg.php
REGEX: ~(require|include)(_once)?\(([^)]+)~
LINE: 24
----------------------------------------------------------------
MOD: OcStore 2.3.x track number

FILE: admin/controller/sale/order.php
CODE: $data['shipping_method'] = $order_info['shipping_method'];
LINE: 567
LINE: 942
CODE: public function history() {
LINE: 1545

FILE: admin/model/sale/order.php
CODE: $order_query->row['order_id'],
LINE: 96

FILE: catalog/model/checkout/order.php
CODE: $order_query->row['order_id'],
LINE: 170

FILE: admin/view/template/sale/order_info.tpl
CODE: <td><?php echo $text_reward; ?></td>
LINE: 100
CODE: <?php echo $footer; ?>
LINE: 700

FILE: catalog/model/account/order.php
CODE: $order_query->row['order_id'],
LINE: 46

FILE: catalog/controller/account/order.php
CODE: if ($order_info['invoice_no']) {
LINE: 210

FILE: catalog/view/theme/default/template/account/order_info.tpl
CODE: <b><?php echo $text_shipping_method; ?></b> <?php echo $shipping_method; ?>
LINE: 49
----------------------------------------------------------------
MOD: Добавление покупки в один клик

FILE: catalog/view\theme\default\template\product\product.tpl
CODE: <button type="button" id="button-cart" data-loading-text="<?php echo $text_loading; ?>" class="btn btn-primary btn-lg btn-block"><?php echo $button_cart; ?></button>
LINE: 296
CODE: <?php echo $column_right; ?></div>
LINE: 405
CODE: $('#button-cart').on('click', function() {
LINE: 442

FILE: catalog/controller\product\product.php
CODE: public function index() {
LINE: 29

FILE: catalog/view\theme\default\stylesheet\stylesheet.css
CODE: body {
LINE: 32
----------------------------------------------------------------
2017-04-01 22:22:00 - MOD: Modification Default

FILE: system/engine/action.php
REGEX: ~(require|include)(_once)?\(([^)]+)~
LINE: 41

FILE: system/engine/loader.php
REGEX: ~(require|include)(_once)?\(([^)]+)~
LINE: 49
LINE: 108
LINE: 120
LINE: 165

FILE: system/library/config.php
REGEX: ~(require|include)(_once)?\(([^)]+)~
LINE: 23

FILE: system/library/language.php
REGEX: ~(require|include)(_once)?\(([^)]+)~
LINE: 38
LINE: 40
LINE: 49
LINE: 51
LINE: 60
LINE: 62

FILE: system/library/template/php.php
REGEX: ~(require|include)(_once)?\(([^)]+)~
LINE: 18

FILE: system/library/template/tiwg.php
REGEX: ~(require|include)(_once)?\(([^)]+)~
LINE: 24
----------------------------------------------------------------
MOD: OcStore 2.3.x track number

FILE: admin/controller/sale/order.php
CODE: $data['shipping_method'] = $order_info['shipping_method'];
LINE: 567
LINE: 942
CODE: public function history() {
LINE: 1545

FILE: admin/model/sale/order.php
CODE: $order_query->row['order_id'],
LINE: 96

FILE: catalog/model/checkout/order.php
CODE: $order_query->row['order_id'],
LINE: 170

FILE: admin/view/template/sale/order_info.tpl
CODE: <td><?php echo $text_reward; ?></td>
LINE: 100
CODE: <?php echo $footer; ?>
LINE: 700

FILE: catalog/model/account/order.php
CODE: $order_query->row['order_id'],
LINE: 46

FILE: catalog/controller/account/order.php
CODE: if ($order_info['invoice_no']) {
LINE: 210

FILE: catalog/view/theme/default/template/account/order_info.tpl
CODE: <b><?php echo $text_shipping_method; ?></b> <?php echo $shipping_method; ?>
LINE: 49
----------------------------------------------------------------
MOD: Добавление покупки в один клик

FILE: catalog/view\theme\default\template\product\product.tpl
CODE: <button type="button" id="button-cart" data-loading-text="<?php echo $text_loading; ?>" class="btn btn-primary btn-lg btn-block"><?php echo $button_cart; ?></button>
LINE: 296
CODE: <?php echo $column_right; ?></div>
LINE: 405
CODE: $('#button-cart').on('click', function() {
LINE: 442

FILE: catalog/controller\product\product.php
CODE: public function index() {
LINE: 29

FILE: catalog/view\theme\default\stylesheet\stylesheet.css
CODE: body {
LINE: 32
----------------------------------------------------------------
